<?xml version="1.0" encoding="UTF-8"?>
<!-- Generated by org.testng.reporters.JUnitXMLReporter -->
<testsuite ignored="3" hostname="DESKTOP-0EJ1KML" failures="1" tests="2" name="Test" time="37.222" errors="0" timestamp="2024-04-11T19:23:54 IST">
  <testcase classname="testCases.AccountRegistrationTest" name="verify_account_registration" time="5.499">
    <failure type="java.lang.AssertionError" message="expected [Your registration completed!!!] but found [Your registration completed]">
      <![CDATA[java.lang.AssertionError: expected [Your registration completed!!!] but found [Your registration completed]
at testCases.AccountRegistrationTest.verify_account_registration(AccountRegistrationTest.java:70)
at java.base/java.util.ArrayList.forEach(ArrayList.java:1511)
... Removed 33 stack frames]]>
    </failure>
  </testcase> <!-- verify_account_registration -->
  <testcase classname="testCases.TC_005_Add_Product_Cart" name="verfiyProductAddedToCart" time="16.727"/>
  <testcase classname="testCases.TC_004_Logout_Functionality" name="verifyLogout" time="0.0">
    <ignored/>
  </testcase> <!-- verifyLogout -->
  <testcase classname="testCases.TC_002_LoginTest" name="verify_login" time="0.0">
    <ignored/>
  </testcase> <!-- verify_login -->
  <testcase classname="testCases.TC_003_ProdcutDertails" name="verifyProductDetails" time="0.0">
    <ignored/>
  </testcase> <!-- verifyProductDetails -->
</testsuite> <!-- Test -->
