<?xml version="1.0" encoding="UTF-8"?>
<!-- Generated by org.testng.reporters.JUnitXMLReporter -->
<testsuite ignored="0" hostname="DESKTOP-0EJ1KML" failures="0" tests="5" name="Test" time="79.522" errors="0" timestamp="2024-04-22T19:06:17 IST">
  <testcase classname="testCases.AccountRegistrationTest" name="verify_account_registration" time="4.76"/>
  <testcase classname="testCases.TC_002_LoginTest" name="verify_login" time="4.482"/>
  <testcase classname="testCases.TC_003_ProdcutDertails" name="verifyProductDetails" time="9.06"/>
  <testcase classname="testCases.TC_004_Logout_Functionality" name="verifyLogout" time="6.311"/>
  <testcase classname="testCases.TC_005_Add_Product_Cart" name="verfiyProductAddedToCart" time="17.565"/>
</testsuite> <!-- Test -->
