<?xml version="1.0" encoding="UTF-8"?>
<testng-results ignored="0" total="1" passed="1" failed="0" skipped="0">
  <reporter-output>
  </reporter-output>
  <suite started-at="2024-04-18T19:14:01 IST" name="Suite" finished-at="2024-04-18T19:14:36 IST" duration-ms="35250">
    <groups>
    </groups>
    <test started-at="2024-04-18T19:14:01 IST" name="Test" finished-at="2024-04-18T19:14:36 IST" duration-ms="35250">
      <class name="testCases.TC_009_Advanced_Search_Functionality">
        <test-method is-config="true" signature="setup(java.lang.String,java.lang.String)[pri:0, instance:testCases.TC_009_Advanced_Search_Functionality@4648ce9]" started-at="2024-04-18T19:14:01 IST" name="setup" finished-at="2024-04-18T19:14:13 IST" duration-ms="11990" status="PASS">
          <params>
            <param index="0">
              <value>
                <![CDATA[Windows]]>
              </value>
            </param>
            <param index="1">
              <value>
                <![CDATA[chrome]]>
              </value>
            </param>
          </params>
          <reporter-output>
          </reporter-output>
        </test-method> <!-- setup -->
        <test-method signature="verifyAdvancedSearch()[pri:0, instance:testCases.TC_009_Advanced_Search_Functionality@4648ce9]" started-at="2024-04-18T19:14:13 IST" name="verifyAdvancedSearch" finished-at="2024-04-18T19:14:36 IST" duration-ms="22682" status="PASS">
          <reporter-output>
          </reporter-output>
        </test-method> <!-- verifyAdvancedSearch -->
        <test-method is-config="true" signature="tearDown()[pri:0, instance:testCases.TC_009_Advanced_Search_Functionality@4648ce9]" started-at="2024-04-18T19:14:36 IST" name="tearDown" finished-at="2024-04-18T19:14:36 IST" duration-ms="232" status="PASS">
          <reporter-output>
          </reporter-output>
        </test-method> <!-- tearDown -->
      </class> <!-- testCases.TC_009_Advanced_Search_Functionality -->
    </test> <!-- Test -->
  </suite> <!-- Suite -->
</testng-results>
